<?xml version="1.0" encoding="UTF-8"?>
<!-- Generated by org.testng.reporters.JUnitReportReporter -->
<testsuite skipped="0" hostname="DESKTOP-NGNDCQO" name="tests.Runner" tests="3" failures="0" timestamp="2020-08-13T23:01:25 IST" time="160.882" errors="0">
  <testcase name="sumbitForm" time="11.363" classname="tests.Runner"/>
  <system-out/>
  <testcase name="swipeToLast" time="20.804" classname="tests.Runner"/>
  <system-out>
We are at the last card of horizontal swiping  </system-out>
  <testcase name="scrollToBottom" time="128.715" classname="tests.Runner"/>
  <system-out>
We are at the bottom of the screen  </system-out>
</testsuite> <!-- tests.Runner -->
